[23:05:27] [main/INFO] (FabricLoader/GameProvider) Loading Minecraft 1.19.2 with Fabric Loader 0.18.4
[23:05:27] [main/INFO] (FabricLoader) Loading 48 mods:
	- fabric-api 0.77.0+1.19.2
	- fabric-api-base 0.4.15+8f4e8eb390
	- fabric-api-lookup-api-v1 1.6.14+93d8cb8290
	- fabric-biome-api-v1 9.1.1+16f1e31390
	- fabric-block-api-v1 1.0.2+e415d50e90
	- fabric-blockrenderlayer-v1 1.1.25+cafc6e8e90
	- fabric-client-tags-api-v1 1.0.5+b35fea8390
	- fabric-command-api-v2 2.2.1+413cbbc790
	- fabric-content-registries-v0 3.5.2+7c6cd14d90
	- fabric-convention-tags-v1 1.3.0+4bc6e26290
	- fabric-crash-report-info-v1 0.2.8+aeb40ebe90
	- fabric-data-generation-api-v1 5.3.9+413cbbc790
	- fabric-dimensions-v1 2.1.35+0d0f210290
	- fabric-entity-events-v1 1.5.4+9244241690
	- fabric-events-interaction-v0 0.4.34+562bff6e90
	- fabric-game-rule-api-v1 1.0.24+b6b6abb490
	- fabric-gametest-api-v1 1.1.8+4d0d570390
	- fabric-item-api-v1 1.6.6+b7d1888890
	- fabric-item-groups-v0 0.3.39+9244241690
	- fabric-key-binding-api-v1 1.0.25+5c4fce2890
	- fabric-lifecycle-events-v1 2.2.4+1b46dc7890
	- fabric-loot-api-v2 1.1.13+83a8659290
	- fabric-message-api-v1 5.0.7+93d8cb8290
	- fabric-mining-level-api-v1 2.1.24+33fbc73890
	- fabric-models-v0 0.3.21+c6af733c90
	- fabric-networking-api-v1 1.2.12+def3f86d90
	- fabric-object-builder-api-v1 4.2.2+d8ef690890
	- fabric-particles-v1 1.1.0+ee641e7390
	- fabric-recipe-api-v1 1.0.2+413cbbc790
	- fabric-registry-sync-v0 0.9.33+9244241690
	- fabric-renderer-api-v1 1.2.1+1adbf27790
	- fabric-renderer-indigo 0.8.0+1adbf27790
	- fabric-rendering-data-attachment-v1 0.3.19+6e0787e690
	- fabric-rendering-fluids-v1 3.0.11+4d0d570390
	- fabric-rendering-v1 1.13.0+526f2c6790
	- fabric-resource-conditions-api-v1 2.1.2+aae9039d90
	- fabric-resource-loader-v0 0.8.4+edbdcddb90
	- fabric-screen-api-v1 1.0.32+4d0d570390
	- fabric-screen-handler-api-v1 1.3.8+1cc24b1b90
	- fabric-sound-api-v1 1.0.2+c4f28df590
	- fabric-textures-v0 1.0.24+aeb40ebe90
	- fabric-transfer-api-v1 2.1.6+413cbbc790
	- fabric-transitive-access-wideners-v1 1.3.3+08b73de490
	- fabricloader 0.18.4
	- java 21
	- minecraft 1.19.2
	- mixinextras 0.5.0
	- void-mod 0.0.1-1.19.2
[23:05:27] [main/INFO] (FabricLoader/Mixin) SpongePowered MIXIN Subsystem Version=0.8.7 Source=file:/home/Lewis/.gradle/caches/modules-2/files-2.1/net.fabricmc/sponge-mixin/0.17.0+mixin.0.8.7/cf31463202f72d03b0ef1e1e38e8ee71b7faaab6/sponge-mixin-0.17.0+mixin.0.8.7.jar Service=Knot/Fabric Env=CLIENT
[23:05:27] [main/INFO] (FabricLoader/Mixin) Loaded Fabric development mappings for mixin remapper!
[23:05:27] [main/INFO] (FabricLoader/Mixin) Compatibility level set to JAVA_16
[23:05:27] [main/INFO] (FabricLoader/Mixin) Compatibility level set to JAVA_17
[23:05:27] [main/INFO] (FabricLoader/MixinExtras|Service) Initializing MixinExtras via com.llamalad7.mixinextras.service.MixinExtrasServiceImpl(version=0.5.0).
[23:05:29] [main/INFO] (Minecraft) Building optimized datafixer
[23:05:32] [Render thread/INFO] (Minecraft) Environment: authHost='https://authserver.mojang.com', accountsHost='https://api.mojang.com', sessionHost='https://sessionserver.mojang.com', servicesHost='https://api.minecraftservices.com', name='PROD'
[23:05:33] [Render thread/ERROR] (Minecraft) Failed to verify authentication
com.mojang.authlib.exceptions.InvalidCredentialsException: Status: 401
	at com.mojang.authlib.exceptions.MinecraftClientHttpException.toAuthenticationException(MinecraftClientHttpException.java:56) ~[authlib-3.11.49.jar:?]
	at com.mojang.authlib.yggdrasil.YggdrasilUserApiService.fetchProperties(YggdrasilUserApiService.java:155) ~[authlib-3.11.49.jar:?]
	at com.mojang.authlib.yggdrasil.YggdrasilUserApiService.<init>(YggdrasilUserApiService.java:55) ~[authlib-3.11.49.jar:?]
	at com.mojang.authlib.yggdrasil.YggdrasilAuthenticationService.createUserApiService(YggdrasilAuthenticationService.java:161) ~[authlib-3.11.49.jar:?]
	at net.minecraft.client.MinecraftClient.createUserApiService(MinecraftClient.java:725) [minecraft-merged-eda1ae5534-1.19.2-net.fabricmc.yarn.1_19_2.1.19.2+build.28-v2.jar:?]
	at net.minecraft.client.MinecraftClient.<init>(MinecraftClient.java:496) [minecraft-merged-eda1ae5534-1.19.2-net.fabricmc.yarn.1_19_2.1.19.2+build.28-v2.jar:?]
	at net.minecraft.client.main.Main.main(Main.java:184) [minecraft-merged-eda1ae5534-1.19.2-net.fabricmc.yarn.1_19_2.1.19.2+build.28-v2.jar:?]
	at net.minecraft.client.main.Main.main(Main.java:52) [minecraft-merged-eda1ae5534-1.19.2-net.fabricmc.yarn.1_19_2.1.19.2+build.28-v2.jar:?]
	at net.fabricmc.loader.impl.game.minecraft.MinecraftGameProvider.launch(MinecraftGameProvider.java:514) [fabric-loader-0.18.4.jar:?]
	at net.fabricmc.loader.impl.launch.knot.Knot.launch(Knot.java:72) [fabric-loader-0.18.4.jar:?]
	at net.fabricmc.loader.impl.launch.knot.KnotClient.main(KnotClient.java:23) [fabric-loader-0.18.4.jar:?]
	at net.fabricmc.devlaunchinjector.Main.main(Main.java:86) [dev-launch-injector-0.2.1+build.8.jar:?]
Caused by: com.mojang.authlib.exceptions.MinecraftClientHttpException: Status: 401
	at com.mojang.authlib.minecraft.client.MinecraftClient.readInputStream(MinecraftClient.java:85) ~[authlib-3.11.49.jar:?]
	at com.mojang.authlib.minecraft.client.MinecraftClient.get(MinecraftClient.java:48) ~[authlib-3.11.49.jar:?]
	at com.mojang.authlib.yggdrasil.YggdrasilUserApiService.fetchProperties(YggdrasilUserApiService.java:129) ~[authlib-3.11.49.jar:?]
	... 10 more
[23:05:33] [Render thread/INFO] (Minecraft) Setting user: Player88
[23:05:34] [Render thread/INFO] (voidmod) Hello Fabric world!
[23:05:34] [Render thread/INFO] (Indigo) [Indigo] Registering Indigo renderer!
[23:05:34] [Render thread/WARN] (ModNioResourcePack) Fabric NioResourcePack: ignored invalid namespace: VoidMod in mod ID void-mod
[23:05:34] [Render thread/INFO] (Minecraft) Backend library: LWJGL version 3.3.2-snapshot
[23:05:35] [Render thread/INFO] (Minecraft) [STDERR]: [LWJGL] [ThreadLocalUtil] Unsupported JNI version detected, this may result in a crash. Please inform LWJGL developers.
[23:05:35] [Render thread/WARN] (ModNioResourcePack) Fabric NioResourcePack: ignored invalid namespace: VoidMod in mod ID void-mod
[23:05:36] [Worker-Main-12/ERROR] (Minecraft) Failed to retrieve profile key pair
java.io.IOException: Could not retrieve profile key pair
	at net.minecraft.client.util.ProfileKeys.fetchKeyPair(ProfileKeys.java:172) ~[minecraft-merged-eda1ae5534-1.19.2-net.fabricmc.yarn.1_19_2.1.19.2+build.28-v2.jar:?]
	at net.minecraft.client.util.ProfileKeys.method_44291(ProfileKeys.java:78) ~[minecraft-merged-eda1ae5534-1.19.2-net.fabricmc.yarn.1_19_2.1.19.2+build.28-v2.jar:?]
	at java.util.concurrent.CompletableFuture$AsyncSupply.run(CompletableFuture.java:1768) [?:?]
	at java.util.concurrent.CompletableFuture$AsyncSupply.exec(CompletableFuture.java:1760) [?:?]
	at java.util.concurrent.ForkJoinTask.doExec(ForkJoinTask.java:387) [?:?]
	at java.util.concurrent.ForkJoinPool$WorkQueue.topLevelExec(ForkJoinPool.java:1312) [?:?]
	at java.util.concurrent.ForkJoinPool.scan(ForkJoinPool.java:1843) [?:?]
	at java.util.concurrent.ForkJoinPool.runWorker(ForkJoinPool.java:1808) [?:?]
	at java.util.concurrent.ForkJoinWorkerThread.run(ForkJoinWorkerThread.java:188) [?:?]
[23:05:36] [Render thread/ERROR] (Minecraft) Error while loading the narrator
com.mojang.text2speech.Narrator$InitializeException: Failed to load library flite
	at com.mojang.text2speech.NarratorLinux$FliteLibrary.loadNative(NarratorLinux.java:69) ~[text2speech-1.16.7.jar:?]
	at com.mojang.text2speech.NarratorLinux.<init>(NarratorLinux.java:18) ~[text2speech-1.16.7.jar:?]
	at com.mojang.text2speech.Narrator.getNarrator(Narrator.java:41) [text2speech-1.16.7.jar:?]
	at net.minecraft.client.util.NarratorManager.<init>(NarratorManager.java) [minecraft-merged-eda1ae5534-1.19.2-net.fabricmc.yarn.1_19_2.1.19.2+build.28-v2.jar:?]
	at net.minecraft.client.MinecraftClient.<init>(MinecraftClient.java:656) [minecraft-merged-eda1ae5534-1.19.2-net.fabricmc.yarn.1_19_2.1.19.2+build.28-v2.jar:?]
	at net.minecraft.client.main.Main.main(Main.java:184) [minecraft-merged-eda1ae5534-1.19.2-net.fabricmc.yarn.1_19_2.1.19.2+build.28-v2.jar:?]
	at net.minecraft.client.main.Main.main(Main.java:52) [minecraft-merged-eda1ae5534-1.19.2-net.fabricmc.yarn.1_19_2.1.19.2+build.28-v2.jar:?]
	at net.fabricmc.loader.impl.game.minecraft.MinecraftGameProvider.launch(MinecraftGameProvider.java:514) [fabric-loader-0.18.4.jar:?]
	at net.fabricmc.loader.impl.launch.knot.Knot.launch(Knot.java:72) [fabric-loader-0.18.4.jar:?]
	at net.fabricmc.loader.impl.launch.knot.KnotClient.main(KnotClient.java:23) [fabric-loader-0.18.4.jar:?]
	at net.fabricmc.devlaunchinjector.Main.main(Main.java:86) [dev-launch-injector-0.2.1+build.8.jar:?]
Caused by: java.lang.UnsatisfiedLinkError: Unable to load library 'flite':
libflite.so: cannot open shared object file: No such file or directory
libflite.so: cannot open shared object file: No such file or directory
Native library (linux-x86-64/libflite.so) not found in resource path (/home/Lewis/VoidMod/build/classes/java/main:/home/Lewis/VoidMod/build/resources/main:/home/Lewis/.gradle/caches/fabric-loom/1.19.2/net.fabricmc.yarn.1_19_2.1.19.2+build.28-v2/mappings.jar:/home/Lewis/.gradle/caches/modules-2/files-2.1/org.ow2.asm/asm/9.9/c29635c8a7afa03d74b33c1884df8abb2b3f3dcc/asm-9.9.jar:/home/Lewis/.gradle/caches/modules-2/files-2.1/org.ow2.asm/asm-analysis/9.9/bf4fa6e66638851c1cd22c2caea0c3ee5d5f437/asm-analysis-9.9.jar:/home/Lewis/.gradle/caches/modules-2/files-2.1/org.ow2.asm/asm-commons/9.9/db9165a3bf908ded6b08612d583a15d1d0c7bda0/asm-commons-9.9.jar:/home/Lewis/.gradle/caches/modules-2/files-2.1/org.ow2.asm/asm-tree/9.9/f8de6eead6d24dd0f45bd065bbe112b2cda6ea21/asm-tree-9.9.jar:/home/Lewis/.gradle/caches/modules-2/files-2.1/org.ow2.asm/asm-util/9.9/42fdfc0508b43807c8078d6e82ecff2ce2112ae8/asm-util-9.9.jar:/home/Lewis/.gradle/caches/modules-2/files-2.1/net.fabricmc/sponge-mixin/0.17.0+mixin.0.8.7/cf31463202f72d03b0ef1e1e38e8ee71b7faaab6/sponge-mixin-0.17.0+mixin.0.8.7.jar:/home/Lewis/.gradle/caches/modules-2/files-2.1/io.github.llamalad7/mixinextras-fabric/0.5.0/91a83dfb7abd320f6236bd1fcf5c0ff143d59a13/mixinextras-fabric-0.5.0.jar:/home/Lewis/.gradle/caches/modules-2/files-2.1/net.fabricmc/dev-launch-injector/0.2.1+build.8/da8bef7e6e2f952da707f282bdb46882a0fce5e3/dev-launch-injector-0.2.1+build.8.jar:/home/Lewis/.gradle/caches/modules-2/files-2.1/net.fabricmc/fabric-log4j-util/1.0.2/ef0b3fb613356feb75a67d54f2fad6f03a006648/fabric-log4j-util-1.0.2.jar:/home/Lewis/.gradle/caches/modules-2/files-2.1/com.mojang/logging/1.0.0/f6ca3b2eee0b80b384e8ed93d368faecb82dfb9b/logging-1.0.0.jar:/home/Lewis/.gradle/caches/modules-2/files-2.1/com.mojang/blocklist/1.0.10/5c685c5ffa94c4cd39496c7184c1d122e515ecef/blocklist-1.0.10.jar:/home/Lewis/.gradle/caches/modules-2/files-2.1/com.mojang/patchy/2.2.10/da05971b07cbb379d002cf7eaec6a2048211fefc/patchy-2.2.10.jar:/home/Lewis/.gradle/caches/modules-2/files-2.1/com.github.oshi/oshi-core/5.8.5/1d0ec654d820741327f5a9229d513732a4b7ce50/oshi-core-5.8.5.jar:/home/Lewis/.gradle/caches/modules-2/files-2.1/net.java.dev.jna/jna/5.10.0/7cf4c87dd802db50721db66947aa237d7ad09418/jna-5.10.0.jar:/home/Lewis/.gradle/caches/modules-2/files-2.1/net.java.dev.jna/jna-platform/5.10.0/fbed7d9669dba47714ad0d4f4454290a997aee69/jna-platform-5.10.0.jar:/home/Lewis/.gradle/caches/modules-2/files-2.1/org.slf4j/slf4j-api/1.8.0-beta4/83b0359d847ee053d745be7ec0d8e9e8a44304b4/slf4j-api-1.8.0-beta4.jar:/home/Lewis/.gradle/caches/modules-2/files-2.1/org.apache.logging.log4j/log4j-slf4j18-impl/2.17.0/bd7f6c0b9224dd214afb4e684957e2349b529a8d/log4j-slf4j18-impl-2.17.0.jar:/home/Lewis/.gradle/caches/modules-2/files-2.1/com.ibm.icu/icu4j/70.1/dfa3a1fbc55bf5db8c6e79fc0935ac7ab1202950/icu4j-70.1.jar:/home/Lewis/.gradle/caches/modules-2/files-2.1/com.mojang/javabridge/1.2.24/c876796229b2ef5120f186eab5acc870699d3b9/javabridge-1.2.24.jar:/home/Lewis/.gradle/caches/modules-2/files-2.1/net.sf.jopt-simple/jopt-simple/5.0.4/4fdac2fbe92dfad86aa6e9301736f6b4342a3f5c/jopt-simple-5.0.4.jar:/home/Lewis/.gradle/caches/modules-2/files-2.1/io.netty/netty-common/4.1.77.Final/ea0fc20f4e6178966b9d62017b7fcb83dfe0e713/netty-common-4.1.77.Final.jar:/home/Lewis/.gradle/caches/modules-2/files-2.1/io.netty/netty-buffer/4.1.77.Final/d97571f99e5e739d86824d0df99f35d295276b5f/netty-buffer-4.1.77.Final.jar:/home/Lewis/.gradle/caches/modules-2/files-2.1/io.netty/netty-codec/4.1.77.Final/4efc5f59335301d6ba0d7cd31dd10651119b03c8/netty-codec-4.1.77.Final.jar:/home/Lewis/.gradle/caches/modules-2/files-2.1/io.netty/netty-handler/4.1.77.Final/47a81089de03635a27f509f3e4e13386ae1db275/netty-handler-4.1.77.Final.jar:/home/Lewis/.gradle/caches/modules-2/files-2.1/io.netty/netty-resolver/4.1.77.Final/4a239dbf8d8bb5f98aa51462c35011c0516395fd/netty-resolver-4.1.77.Final.jar:/home/Lewis/.gradle/caches/modules-2/files-2.1/io.netty/netty-transport/4.1.77.Final/2a3373bbd20d520c821f210bd5ee886788512043/netty-transport-4.1.77.Final.jar:/home/Lewis/.gradle/caches/modules-2/files-2.1/io.netty/netty-transport-native-unix-common/4.1.77.Final/c95d53486414b3270d08057957c5da8e0c37e4eb/netty-transport-native-unix-common-4.1.77.Final.jar:/home/Lewis/.gradle/caches/modules-2/files-2.1/io.netty/netty-transport-classes-epoll/4.1.77.Final/dd70dbccbcf98382223a59044f3c08d8e9920cad/netty-transport-classes-epoll-4.1.77.Final.jar:/home/Lewis/.gradle/caches/modules-2/files-2.1/io.netty/netty-transport-native-epoll/4.1.77.Final/8d10e9e138dac52172dd83229bdc89197100c723/netty-transport-native-epoll-4.1.77.Final-linux-x86_64.jar:/home/Lewis/.gradle/caches/modules-2/files-2.1/io.netty/netty-transport-native-epoll/4.1.77.Final/5f051599ced83e119ddeda891f471c0613721e5c/netty-transport-native-epoll-4.1.77.Final-linux-aarch_64.jar:/home/Lewis/.gradle/caches/modules-2/files-2.1/com.google.guava/failureaccess/1.0.1/1dcf1de382a0bf95a3d8b0849546c88bac1292c9/failureaccess-1.0.1.jar:/home/Lewis/.gradle/caches/modules-2/files-2.1/com.google.guava/guava/31.0.1-jre/119ea2b2bc205b138974d351777b20f02b92704b/guava-31.0.1-jre.jar:/home/Lewis/.gradle/caches/modules-2/files-2.1/org.apache.commons/commons-lang3/3.12.0/c6842c86792ff03b9f1d1fe2aab8dc23aa6c6f0e/commons-lang3-3.12.0.jar:/home/Lewis/.gradle/caches/modules-2/files-2.1/commons-io/commons-io/2.11.0/a2503f302b11ebde7ebc3df41daebe0e4eea3689/commons-io-2.11.0.jar:/home/Lewis/.gradle/caches/modules-2/files-2.1/commons-codec/commons-codec/1.15/49d94806b6e3dc933dacbd8acb0fdbab8ebd1e5d/commons-codec-1.15.jar:/home/Lewis/.gradle/caches/modules-2/files-2.1/com.mojang/brigadier/1.0.18/c1ef1234282716483c92183f49bef47b1a89bfa9/brigadier-1.0.18.jar:/home/Lewis/.gradle/caches/modules-2/files-2.1/com.mojang/datafixerupper/5.0.28/e2157e236e529aff80a5fc3ccb506e56d46b130b/datafixerupper-5.0.28.jar:/home/Lewis/.gradle/caches/modules-2/files-2.1/com.google.code.gson/gson/2.8.9/8a432c1d6825781e21a02db2e2c33c5fde2833b9/gson-2.8.9.jar:/home/Lewis/.gradle/caches/modules-2/files-2.1/com.mojang/authlib/3.11.49/2e3055ec2a017c7f94b79744b4a68b65695a118c/authlib-3.11.49.jar:/home/Lewis/.gradle/caches/modules-2/files-2.1/org.apache.commons/commons-compress/1.21/4ec95b60d4e86b5c95a0e919cb172a0af98011ef/commons-compress-1.21.jar:/home/Lewis/.gradle/caches/modules-2/files-2.1/org.apache.httpcomponents/httpclient/4.5.13/e5f6cae5ca7ecaac1ec2827a9e2d65ae2869cada/httpclient-4.5.13.jar:/home/Lewis/.gradle/caches/modules-2/files-2.1/commons-logging/commons-logging/1.2/4bfc12adfe4842bf07b657f0369c4cb522955686/commons-logging-1.2.jar:/home/Lewis/.gradle/caches/modules-2/files-2.1/org.apache.httpcomponents/httpcore/4.4.14/9dd1a631c082d92ecd4bd8fd4cf55026c720a8c1/httpcore-4.4.14.jar:/home/Lewis/.gradle/caches/modules-2/files-2.1/it.unimi.dsi/fastutil/8.5.6/76f95700418a68fbc4ac050525261f05dc681ca1/fastutil-8.5.6.jar:/home/Lewis/.gradle/caches/modules-2/files-2.1/org.apache.logging.log4j/log4j-api/2.17.0/bbd791e9c8c9421e45337c4fe0a10851c086e36c/log4j-api-2.17.0.jar:/home/Lewis/.gradle/caches/modules-2/files-2.1/org.apache.logging.log4j/log4j-core/2.17.0/fe6e7a32c1228884b9691a744f953a55d0dd8ead/log4j-core-2.17.0.jar:/home/Lewis/.gradle/caches/modules-2/files-2.1/org.lwjgl/lwjgl/3.3.2/4421d94af68e35dcaa31737a6fc59136a1e61b94/lwjgl-3.3.2.jar:/home/Lewis/.gradle/caches/modules-2/files-2.1/org.lwjgl/lwjgl/3.3.2/767684973f259d97e7dc66a125eb153986f177e7/lwjgl-3.3.2-natives-linux.jar:/home/Lewis/.gradle/caches/modules-2/files-2.1/org.lwjgl/lwjgl-jemalloc/3.3.2/877e17e39ebcd58a9c956dc3b5b777813de0873a/lwjgl-jemalloc-3.3.2.jar:/home/Lewis/.gradle/caches/modules-2/files-2.1/org.lwjgl/lwjgl-jemalloc/3.3.2/2bc33176cdfabf34a63df154b80914e8f433316b/lwjgl-jemalloc-3.3.2-natives-linux.jar:/home/Lewis/.gradle/caches/modules-2/files-2.1/org.lwjgl/lwjgl-openal/3.3.2/ae5357ed6d934546d3533993ea84c0cfb75eed95/lwjgl-openal-3.3.2.jar:/home/Lewis/.gradle/caches/modules-2/files-2.1/org.lwjgl/lwjgl-openal/3.3.2/650981780b8bbfb3ce43657b22ec8e77bfb1f37a/lwjgl-openal-3.3.2-natives-linux.jar:/home/Lewis/.gradle/caches/modules-2/files-2.1/org.lwjgl/lwjgl-opengl/3.3.2/ee8e95be0b438602038bc1f02dc5e3d011b1b216/lwjgl-opengl-3.3.2.jar:/home/Lewis/.gradle/caches/modules-2/files-2.1/org.lwjgl/lwjgl-opengl/3.3.2/b8368430ef0d91a5acbc6fbfa47b20c3ec083aec/lwjgl-opengl-3.3.2-natives-linux.jar:/home/Lewis/.gradle/caches/modules-2/files-2.1/org.lwjgl/lwjgl-glfw/3.3.2/757920418805fb90bfebb3d46b1d9e7669fca2eb/lwjgl-glfw-3.3.2.jar:/home/Lewis/.gradle/caches/modules-2/files-2.1/org.lwjgl/lwjgl-glfw/3.3.2/766bb0e8e829598b1c8052fd8173c62af741c52/lwjgl-glfw-3.3.2-natives-linux.jar:/home/Lewis/.gradle/caches/modules-2/files-2.1/org.lwjgl/lwjgl-stb/3.3.2/a2550795014d622b686e9caac50b14baa87d2c70/lwjgl-stb-3.3.2.jar:/home/Lewis/.gradle/caches/modules-2/files-2.1/org.lwjgl/lwjgl-stb/3.3.2/5c987f43b342d722b54970159040af76f1c87403/lwjgl-stb-3.3.2-natives-linux.jar:/home/Lewis/.gradle/caches/modules-2/files-2.1/org.lwjgl/lwjgl-tinyfd/3.3.2/9f65c248dd77934105274fcf8351abb75b34327c/lwjgl-tinyfd-3.3.2.jar:/home/Lewis/.gradle/caches/modules-2/files-2.1/org.lwjgl/lwjgl-tinyfd/3.3.2/5d27fc67172b3fcd8400d61a7cfb75da881f609/lwjgl-tinyfd-3.3.2-natives-linux.jar:/home/Lewis/.gradle/caches/modules-2/files-2.1/com.mojang/text2speech/1.16.7/ee4095669061d1fe4bce5fea23d69d1520bc2d58/text2speech-1.16.7.jar:/home/Lewis/VoidMod/.gradle/loom-cache/minecraftMaven/net/minecraft/minecraft-merged-eda1ae5534/1.19.2-net.fabricmc.yarn.1_19_2.1.19.2+build.28-v2/minecraft-merged-eda1ae5534-1.19.2-net.fabricmc.yarn.1_19_2.1.19.2+build.28-v2.jar:/home/Lewis/.gradle/caches/modules-2/files-2.1/net.fabricmc/fabric-loader/0.18.4/dc4682125d5db647d6ce80a98b98945835adcd4b/fabric-loader-0.18.4.jar:/home/Lewis/VoidMod/.gradle/loom-cache/remapped_mods/remapped/net/fabricmc/fabric-api/fabric-api-343d3468/0.77.0+1.19.2/fabric-api-343d3468-0.77.0+1.19.2.jar:/home/Lewis/VoidMod/.gradle/loom-cache/remapped_mods/remapped/net/fabricmc/fabric-api/fabric-transfer-api-v1-343d3468/2.1.6+413cbbc790/fabric-transfer-api-v1-343d3468-2.1.6+413cbbc790.jar:/home/Lewis/VoidMod/.gradle/loom-cache/remapped_mods/remapped/net/fabricmc/fabric-api/fabric-api-lookup-api-v1-343d3468/1.6.14+93d8cb8290/fabric-api-lookup-api-v1-343d3468-1.6.14+93d8cb8290.jar:/home/Lewis/VoidMod/.gradle/loom-cache/remapped_mods/remapped/net/fabricmc/fabric-api/fabric-blockrenderlayer-v1-343d3468/1.1.25+cafc6e8e90/fabric-blockrenderlayer-v1-343d3468-1.1.25+cafc6e8e90.jar:/home/Lewis/VoidMod/.gradle/loom-cache/remapped_mods/remapped/net/fabricmc/fabric-api/fabric-client-tags-api-v1-343d3468/1.0.5+b35fea8390/fabric-client-tags-api-v1-343d3468-1.0.5+b35fea8390.jar:/home/Lewis/VoidMod/.gradle/loom-cache/remapped_mods/remapped/net/fabricmc/fabric-api/fabric-command-api-v2-343d3468/2.2.1+413cbbc790/fabric-command-api-v2-343d3468-2.2.1+413cbbc790.jar:/home/Lewis/VoidMod/.gradle/loom-cache/remapped_mods/remapped/net/fabricmc/fabric-api/fabric-content-registries-v0-343d3468/3.5.2+7c6cd14d90/fabric-content-registries-v0-343d3468-3.5.2+7c6cd14d90.jar:/home/Lewis/VoidMod/.gradle/loom-cache/remapped_mods/remapped/net/fabricmc/fabric-api/fabric-convention-tags-v1-343d3468/1.3.0+4bc6e26290/fabric-convention-tags-v1-343d3468-1.3.0+4bc6e26290.jar:/home/Lewis/VoidMod/.gradle/loom-cache/remapped_mods/remapped/net/fabricmc/fabric-api/fabric-data-generation-api-v1-343d3468/5.3.9+413cbbc790/fabric-data-generation-api-v1-343d3468-5.3.9+413cbbc790.jar:/home/Lewis/VoidMod/.gradle/loom-cache/remapped_mods/remapped/net/fabricmc/fabric-api/fabric-dimensions-v1-343d3468/2.1.35+0d0f210290/fabric-dimensions-v1-343d3468-2.1.35+0d0f210290.jar:/home/Lewis/VoidMod/.gradle/loom-cache/remapped_mods/remapped/net/fabricmc/fabric-api/fabric-entity-events-v1-343d3468/1.5.4+9244241690/fabric-entity-events-v1-343d3468-1.5.4+9244241690.jar:/home/Lewis/VoidMod/.gradle/loom-cache/remapped_mods/remapped/net/fabricmc/fabric-api/fabric-events-interaction-v0-343d3468/0.4.34+562bff6e90/fabric-events-interaction-v0-343d3468-0.4.34+562bff6e90.jar:/home/Lewis/VoidMod/.gradle/loom-cache/remapped_mods/remapped/net/fabricmc/fabric-api/fabric-gametest-api-v1-343d3468/1.1.8+4d0d570390/fabric-gametest-api-v1-343d3468-1.1.8+4d0d570390.jar:/home/Lewis/VoidMod/.gradle/loom-cache/remapped_mods/remapped/net/fabricmc/fabric-api/fabric-item-api-v1-343d3468/1.6.6+b7d1888890/fabric-item-api-v1-343d3468-1.6.6+b7d1888890.jar:/home/Lewis/VoidMod/.gradle/loom-cache/remapped_mods/remapped/net/fabricmc/fabric-api/fabric-item-groups-v0-343d3468/0.3.39+9244241690/fabric-item-groups-v0-343d3468-0.3.39+9244241690.jar:/home/Lewis/VoidMod/.gradle/loom-cache/remapped_mods/remapped/net/fabricmc/fabric-api/fabric-mining-level-api-v1-343d3468/2.1.24+33fbc73890/fabric-mining-level-api-v1-343d3468-2.1.24+33fbc73890.jar:/home/Lewis/VoidMod/.gradle/loom-cache/remapped_mods/remapped/net/fabricmc/fabric-api/fabric-lifecycle-events-v1-343d3468/2.2.4+1b46dc7890/fabric-lifecycle-events-v1-343d3468-2.2.4+1b46dc7890.jar:/home/Lewis/VoidMod/.gradle/loom-cache/remapped_mods/remapped/net/fabricmc/fabric-api/fabric-loot-api-v2-343d3468/1.1.13+83a8659290/fabric-loot-api-v2-343d3468-1.1.13+83a8659290.jar:/home/Lewis/VoidMod/.gradle/loom-cache/remapped_mods/remapped/net/fabricmc/fabric-api/fabric-message-api-v1-343d3468/5.0.7+93d8cb8290/fabric-message-api-v1-343d3468-5.0.7+93d8cb8290.jar:/home/Lewis/VoidMod/.gradle/loom-cache/remapped_mods/remapped/net/fabricmc/fabric-api/fabric-models-v0-343d3468/0.3.21+c6af733c90/fabric-models-v0-343d3468-0.3.21+c6af733c90.jar:/home/Lewis/VoidMod/.gradle/loom-cache/remapped_mods/remapped/net/fabricmc/fabric-api/fabric-recipe-api-v1-343d3468/1.0.2+413cbbc790/fabric-recipe-api-v1-343d3468-1.0.2+413cbbc790.jar:/home/Lewis/VoidMod/.gradle/loom-cache/remapped_mods/remapped/net/fabricmc/fabric-api/fabric-registry-sync-v0-343d3468/0.9.33+9244241690/fabric-registry-sync-v0-343d3468-0.9.33+9244241690.jar:/home/Lewis/VoidMod/.gradle/loom-cache/remapped_mods/remapped/net/fabricmc/fabric-api/fabric-screen-handler-api-v1-343d3468/1.3.8+1cc24b1b90/fabric-screen-handler-api-v1-343d3468-1.3.8+1cc24b1b90.jar:/home/Lewis/VoidMod/.gradle/loom-cache/remapped_mods/remapped/net/fabricmc/fabric-api/fabric-networking-api-v1-343d3468/1.2.12+def3f86d90/fabric-networking-api-v1-343d3468-1.2.12+def3f86d90.jar:/home/Lewis/VoidMod/.gradle/loom-cache/remapped_mods/remapped/net/fabricmc/fabric-api/fabric-object-builder-api-v1-343d3468/4.2.2+d8ef690890/fabric-object-builder-api-v1-343d3468-4.2.2+d8ef690890.jar:/home/Lewis/VoidMod/.gradle/loom-cache/remapped_mods/remapped/net/fabricmc/fabric-api/fabric-particles-v1-343d3468/1.1.0+ee641e7390/fabric-particles-v1-343d3468-1.1.0+ee641e7390.jar:/home/Lewis/VoidMod/.gradle/loom-cache/remapped_mods/remapped/net/fabricmc/fabric-api/fabric-renderer-indigo-343d3468/0.8.0+1adbf27790/fabric-renderer-indigo-343d3468-0.8.0+1adbf27790.jar:/home/Lewis/VoidMod/.gradle/loom-cache/remapped_mods/remapped/net/fabricmc/fabric-api/fabric-renderer-api-v1-343d3468/1.2.1+1adbf27790/fabric-renderer-api-v1-343d3468-1.2.1+1adbf27790.jar:/home/Lewis/VoidMod/.gradle/loom-cache/remapped_mods/remapped/net/fabricmc/fabric-api/fabric-rendering-data-attachment-v1-343d3468/0.3.19+6e0787e690/fabric-rendering-data-attachment-v1-343d3468-0.3.19+6e0787e690.jar:/home/Lewis/VoidMod/.gradle/loom-cache/remapped_mods/remapped/net/fabricmc/fabric-api/fabric-rendering-fluids-v1-343d3468/3.0.11+4d0d570390/fabric-rendering-fluids-v1-343d3468-3.0.11+4d0d570390.jar:/home/Lewis/VoidMod/.gradle/loom-cache/remapped_mods/remapped/net/fabricmc/fabric-api/fabric-rendering-v1-343d3468/1.13.0+526f2c6790/fabric-rendering-v1-343d3468-1.13.0+526f2c6790.jar:/home/Lewis/VoidMod/.gradle/loom-cache/remapped_mods/remapped/net/fabricmc/fabric-api/fabric-screen-api-v1-343d3468/1.0.32+4d0d570390/fabric-screen-api-v1-343d3468-1.0.32+4d0d570390.jar:/home/Lewis/VoidMod/.gradle/loom-cache/remapped_mods/remapped/net/fabricmc/fabric-api/fabric-textures-v0-343d3468/1.0.24+aeb40ebe90/fabric-textures-v0-343d3468-1.0.24+aeb40ebe90.jar:/home/Lewis/VoidMod/.gradle/loom-cache/remapped_mods/remapped/net/fabricmc/fabric-api/fabric-api-base-343d3468/0.4.15+8f4e8eb390/fabric-api-base-343d3468-0.4.15+8f4e8eb390.jar:/home/Lewis/VoidMod/.gradle/loom-cache/remapped_mods/remapped/net/fabricmc/fabric-api/fabric-biome-api-v1-343d3468/9.1.1+16f1e31390/fabric-biome-api-v1-343d3468-9.1.1+16f1e31390.jar:/home/Lewis/VoidMod/.gradle/loom-cache/remapped_mods/remapped/net/fabricmc/fabric-api/fabric-block-api-v1-343d3468/1.0.2+e415d50e90/fabric-block-api-v1-343d3468-1.0.2+e415d50e90.jar:/home/Lewis/VoidMod/.gradle/loom-cache/remapped_mods/remapped/net/fabricmc/fabric-api/fabric-crash-report-info-v1-343d3468/0.2.8+aeb40ebe90/fabric-crash-report-info-v1-343d3468-0.2.8+aeb40ebe90.jar:/home/Lewis/VoidMod/.gradle/loom-cache/remapped_mods/remapped/net/fabricmc/fabric-api/fabric-game-rule-api-v1-343d3468/1.0.24+b6b6abb490/fabric-game-rule-api-v1-343d3468-1.0.24+b6b6abb490.jar:/home/Lewis/VoidMod/.gradle/loom-cache/remapped_mods/remapped/net/fabricmc/fabric-api/fabric-key-binding-api-v1-343d3468/1.0.25+5c4fce2890/fabric-key-binding-api-v1-343d3468-1.0.25+5c4fce2890.jar:/home/Lewis/VoidMod/.gradle/loom-cache/remapped_mods/remapped/net/fabricmc/fabric-api/fabric-resource-conditions-api-v1-343d3468/2.1.2+aae9039d90/fabric-resource-conditions-api-v1-343d3468-2.1.2+aae9039d90.jar:/home/Lewis/VoidMod/.gradle/loom-cache/remapped_mods/remapped/net/fabricmc/fabric-api/fabric-resource-loader-v0-343d3468/0.8.4+edbdcddb90/fabric-resource-loader-v0-343d3468-0.8.4+edbdcddb90.jar:/home/Lewis/VoidMod/.gradle/loom-cache/remapped_mods/remapped/net/fabricmc/fabric-api/fabric-sound-api-v1-343d3468/1.0.2+c4f28df590/fabric-sound-api-v1-343d3468-1.0.2+c4f28df590.jar:/home/Lewis/VoidMod/.gradle/loom-cache/remapped_mods/remapped/net/fabricmc/fabric-api/fabric-transitive-access-wideners-v1-343d3468/1.3.3+08b73de490/fabric-transitive-access-wideners-v1-343d3468-1.3.3+08b73de490.jar)
	at com.sun.jna.NativeLibrary.loadLibrary(NativeLibrary.java:301) ~[jna-5.10.0.jar:?]
	at com.sun.jna.NativeLibrary.getInstance(NativeLibrary.java:461) ~[jna-5.10.0.jar:?]
	at com.sun.jna.NativeLibrary.getInstance(NativeLibrary.java:403) ~[jna-5.10.0.jar:?]
	at com.mojang.text2speech.NarratorLinux$FliteLibrary.loadNative(NarratorLinux.java:67) ~[text2speech-1.16.7.jar:?]
	... 10 more
	Suppressed: java.lang.UnsatisfiedLinkError: libflite.so: cannot open shared object file: No such file or directory
		at com.sun.jna.Native.open(Native Method) ~[jna-5.10.0.jar:?]
		at com.sun.jna.NativeLibrary.loadLibrary(NativeLibrary.java:191) ~[jna-5.10.0.jar:?]
		at com.sun.jna.NativeLibrary.getInstance(NativeLibrary.java:461) ~[jna-5.10.0.jar:?]
		at com.sun.jna.NativeLibrary.getInstance(NativeLibrary.java:403) ~[jna-5.10.0.jar:?]
		at com.mojang.text2speech.NarratorLinux$FliteLibrary.loadNative(NarratorLinux.java:67) ~[text2speech-1.16.7.jar:?]
		at com.mojang.text2speech.NarratorLinux.<init>(NarratorLinux.java:18) ~[text2speech-1.16.7.jar:?]
		at com.mojang.text2speech.Narrator.getNarrator(Narrator.java:41) [text2speech-1.16.7.jar:?]
		at net.minecraft.client.util.NarratorManager.<init>(NarratorManager.java) [minecraft-merged-eda1ae5534-1.19.2-net.fabricmc.yarn.1_19_2.1.19.2+build.28-v2.jar:?]
		at net.minecraft.client.MinecraftClient.<init>(MinecraftClient.java:656) [minecraft-merged-eda1ae5534-1.19.2-net.fabricmc.yarn.1_19_2.1.19.2+build.28-v2.jar:?]
		at net.minecraft.client.main.Main.main(Main.java:184) [minecraft-merged-eda1ae5534-1.19.2-net.fabricmc.yarn.1_19_2.1.19.2+build.28-v2.jar:?]
		at net.minecraft.client.main.Main.main(Main.java:52) [minecraft-merged-eda1ae5534-1.19.2-net.fabricmc.yarn.1_19_2.1.19.2+build.28-v2.jar:?]
		at net.fabricmc.loader.impl.game.minecraft.MinecraftGameProvider.launch(MinecraftGameProvider.java:514) [fabric-loader-0.18.4.jar:?]
		at net.fabricmc.loader.impl.launch.knot.Knot.launch(Knot.java:72) [fabric-loader-0.18.4.jar:?]
		at net.fabricmc.loader.impl.launch.knot.KnotClient.main(KnotClient.java:23) [fabric-loader-0.18.4.jar:?]
		at net.fabricmc.devlaunchinjector.Main.main(Main.java:86) [dev-launch-injector-0.2.1+build.8.jar:?]
	Suppressed: java.lang.UnsatisfiedLinkError: libflite.so: cannot open shared object file: No such file or directory
		at com.sun.jna.Native.open(Native Method) ~[jna-5.10.0.jar:?]
		at com.sun.jna.NativeLibrary.loadLibrary(NativeLibrary.java:204) ~[jna-5.10.0.jar:?]
		at com.sun.jna.NativeLibrary.getInstance(NativeLibrary.java:461) ~[jna-5.10.0.jar:?]
		at com.sun.jna.NativeLibrary.getInstance(NativeLibrary.java:403) ~[jna-5.10.0.jar:?]
		at com.mojang.text2speech.NarratorLinux$FliteLibrary.loadNative(NarratorLinux.java:67) ~[text2speech-1.16.7.jar:?]
		at com.mojang.text2speech.NarratorLinux.<init>(NarratorLinux.java:18) ~[text2speech-1.16.7.jar:?]
		at com.mojang.text2speech.Narrator.getNarrator(Narrator.java:41) [text2speech-1.16.7.jar:?]
		at net.minecraft.client.util.NarratorManager.<init>(NarratorManager.java) [minecraft-merged-eda1ae5534-1.19.2-net.fabricmc.yarn.1_19_2.1.19.2+build.28-v2.jar:?]
		at net.minecraft.client.MinecraftClient.<init>(MinecraftClient.java:656) [minecraft-merged-eda1ae5534-1.19.2-net.fabricmc.yarn.1_19_2.1.19.2+build.28-v2.jar:?]
		at net.minecraft.client.main.Main.main(Main.java:184) [minecraft-merged-eda1ae5534-1.19.2-net.fabricmc.yarn.1_19_2.1.19.2+build.28-v2.jar:?]
		at net.minecraft.client.main.Main.main(Main.java:52) [minecraft-merged-eda1ae5534-1.19.2-net.fabricmc.yarn.1_19_2.1.19.2+build.28-v2.jar:?]
		at net.fabricmc.loader.impl.game.minecraft.MinecraftGameProvider.launch(MinecraftGameProvider.java:514) [fabric-loader-0.18.4.jar:?]
		at net.fabricmc.loader.impl.launch.knot.Knot.launch(Knot.java:72) [fabric-loader-0.18.4.jar:?]
		at net.fabricmc.loader.impl.launch.knot.KnotClient.main(KnotClient.java:23) [fabric-loader-0.18.4.jar:?]
		at net.fabricmc.devlaunchinjector.Main.main(Main.java:86) [dev-launch-injector-0.2.1+build.8.jar:?]
	Suppressed: java.io.IOException: Native library (linux-x86-64/libflite.so) not found in resource path (/home/Lewis/VoidMod/build/classes/java/main:/home/Lewis/VoidMod/build/resources/main:/home/Lewis/.gradle/caches/fabric-loom/1.19.2/net.fabricmc.yarn.1_19_2.1.19.2+build.28-v2/mappings.jar:/home/Lewis/.gradle/caches/modules-2/files-2.1/org.ow2.asm/asm/9.9/c29635c8a7afa03d74b33c1884df8abb2b3f3dcc/asm-9.9.jar:/home/Lewis/.gradle/caches/modules-2/files-2.1/org.ow2.asm/asm-analysis/9.9/bf4fa6e66638851c1cd22c2caea0c3ee5d5f437/asm-analysis-9.9.jar:/home/Lewis/.gradle/caches/modules-2/files-2.1/org.ow2.asm/asm-commons/9.9/db9165a3bf908ded6b08612d583a15d1d0c7bda0/asm-commons-9.9.jar:/home/Lewis/.gradle/caches/modules-2/files-2.1/org.ow2.asm/asm-tree/9.9/f8de6eead6d24dd0f45bd065bbe112b2cda6ea21/asm-tree-9.9.jar:/home/Lewis/.gradle/caches/modules-2/files-2.1/org.ow2.asm/asm-util/9.9/42fdfc0508b43807c8078d6e82ecff2ce2112ae8/asm-util-9.9.jar:/home/Lewis/.gradle/caches/modules-2/files-2.1/net.fabricmc/sponge-mixin/0.17.0+mixin.0.8.7/cf31463202f72d03b0ef1e1e38e8ee71b7faaab6/sponge-mixin-0.17.0+mixin.0.8.7.jar:/home/Lewis/.gradle/caches/modules-2/files-2.1/io.github.llamalad7/mixinextras-fabric/0.5.0/91a83dfb7abd320f6236bd1fcf5c0ff143d59a13/mixinextras-fabric-0.5.0.jar:/home/Lewis/.gradle/caches/modules-2/files-2.1/net.fabricmc/dev-launch-injector/0.2.1+build.8/da8bef7e6e2f952da707f282bdb46882a0fce5e3/dev-launch-injector-0.2.1+build.8.jar:/home/Lewis/.gradle/caches/modules-2/files-2.1/net.fabricmc/fabric-log4j-util/1.0.2/ef0b3fb613356feb75a67d54f2fad6f03a006648/fabric-log4j-util-1.0.2.jar:/home/Lewis/.gradle/caches/modules-2/files-2.1/com.mojang/logging/1.0.0/f6ca3b2eee0b80b384e8ed93d368faecb82dfb9b/logging-1.0.0.jar:/home/Lewis/.gradle/caches/modules-2/files-2.1/com.mojang/blocklist/1.0.10/5c685c5ffa94c4cd39496c7184c1d122e515ecef/blocklist-1.0.10.jar:/home/Lewis/.gradle/caches/modules-2/files-2.1/com.mojang/patchy/2.2.10/da05971b07cbb379d002cf7eaec6a2048211fefc/patchy-2.2.10.jar:/home/Lewis/.gradle/caches/modules-2/files-2.1/com.github.oshi/oshi-core/5.8.5/1d0ec654d820741327f5a9229d513732a4b7ce50/oshi-core-5.8.5.jar:/home/Lewis/.gradle/caches/modules-2/files-2.1/net.java.dev.jna/jna/5.10.0/7cf4c87dd802db50721db66947aa237d7ad09418/jna-5.10.0.jar:/home/Lewis/.gradle/caches/modules-2/files-2.1/net.java.dev.jna/jna-platform/5.10.0/fbed7d9669dba47714ad0d4f4454290a997aee69/jna-platform-5.10.0.jar:/home/Lewis/.gradle/caches/modules-2/files-2.1/org.slf4j/slf4j-api/1.8.0-beta4/83b0359d847ee053d745be7ec0d8e9e8a44304b4/slf4j-api-1.8.0-beta4.jar:/home/Lewis/.gradle/caches/modules-2/files-2.1/org.apache.logging.log4j/log4j-slf4j18-impl/2.17.0/bd7f6c0b9224dd214afb4e684957e2349b529a8d/log4j-slf4j18-impl-2.17.0.jar:/home/Lewis/.gradle/caches/modules-2/files-2.1/com.ibm.icu/icu4j/70.1/dfa3a1fbc55bf5db8c6e79fc0935ac7ab1202950/icu4j-70.1.jar:/home/Lewis/.gradle/caches/modules-2/files-2.1/com.mojang/javabridge/1.2.24/c876796229b2ef5120f186eab5acc870699d3b9/javabridge-1.2.24.jar:/home/Lewis/.gradle/caches/modules-2/files-2.1/net.sf.jopt-simple/jopt-simple/5.0.4/4fdac2fbe92dfad86aa6e9301736f6b4342a3f5c/jopt-simple-5.0.4.jar:/home/Lewis/.gradle/caches/modules-2/files-2.1/io.netty/netty-common/4.1.77.Final/ea0fc20f4e6178966b9d62017b7fcb83dfe0e713/netty-common-4.1.77.Final.jar:/home/Lewis/.gradle/caches/modules-2/files-2.1/io.netty/netty-buffer/4.1.77.Final/d97571f99e5e739d86824d0df99f35d295276b5f/netty-buffer-4.1.77.Final.jar:/home/Lewis/.gradle/caches/modules-2/files-2.1/io.netty/netty-codec/4.1.77.Final/4efc5f59335301d6ba0d7cd31dd10651119b03c8/netty-codec-4.1.77.Final.jar:/home/Lewis/.gradle/caches/modules-2/files-2.1/io.netty/netty-handler/4.1.77.Final/47a81089de03635a27f509f3e4e13386ae1db275/netty-handler-4.1.77.Final.jar:/home/Lewis/.gradle/caches/modules-2/files-2.1/io.netty/netty-resolver/4.1.77.Final/4a239dbf8d8bb5f98aa51462c35011c0516395fd/netty-resolver-4.1.77.Final.jar:/home/Lewis/.gradle/caches/modules-2/files-2.1/io.netty/netty-transport/4.1.77.Final/2a3373bbd20d520c821f210bd5ee886788512043/netty-transport-4.1.77.Final.jar:/home/Lewis/.gradle/caches/modules-2/files-2.1/io.netty/netty-transport-native-unix-common/4.1.77.Final/c95d53486414b3270d08057957c5da8e0c37e4eb/netty-transport-native-unix-common-4.1.77.Final.jar:/home/Lewis/.gradle/caches/modules-2/files-2.1/io.netty/netty-transport-classes-epoll/4.1.77.Final/dd70dbccbcf98382223a59044f3c08d8e9920cad/netty-transport-classes-epoll-4.1.77.Final.jar:/home/Lewis/.gradle/caches/modules-2/files-2.1/io.netty/netty-transport-native-epoll/4.1.77.Final/8d10e9e138dac52172dd83229bdc89197100c723/netty-transport-native-epoll-4.1.77.Final-linux-x86_64.jar:/home/Lewis/.gradle/caches/modules-2/files-2.1/io.netty/netty-transport-native-epoll/4.1.77.Final/5f051599ced83e119ddeda891f471c0613721e5c/netty-transport-native-epoll-4.1.77.Final-linux-aarch_64.jar:/home/Lewis/.gradle/caches/modules-2/files-2.1/com.google.guava/failureaccess/1.0.1/1dcf1de382a0bf95a3d8b0849546c88bac1292c9/failureaccess-1.0.1.jar:/home/Lewis/.gradle/caches/modules-2/files-2.1/com.google.guava/guava/31.0.1-jre/119ea2b2bc205b138974d351777b20f02b92704b/guava-31.0.1-jre.jar:/home/Lewis/.gradle/caches/modules-2/files-2.1/org.apache.commons/commons-lang3/3.12.0/c6842c86792ff03b9f1d1fe2aab8dc23aa6c6f0e/commons-lang3-3.12.0.jar:/home/Lewis/.gradle/caches/modules-2/files-2.1/commons-io/commons-io/2.11.0/a2503f302b11ebde7ebc3df41daebe0e4eea3689/commons-io-2.11.0.jar:/home/Lewis/.gradle/caches/modules-2/files-2.1/commons-codec/commons-codec/1.15/49d94806b6e3dc933dacbd8acb0fdbab8ebd1e5d/commons-codec-1.15.jar:/home/Lewis/.gradle/caches/modules-2/files-2.1/com.mojang/brigadier/1.0.18/c1ef1234282716483c92183f49bef47b1a89bfa9/brigadier-1.0.18.jar:/home/Lewis/.gradle/caches/modules-2/files-2.1/com.mojang/datafixerupper/5.0.28/e2157e236e529aff80a5fc3ccb506e56d46b130b/datafixerupper-5.0.28.jar:/home/Lewis/.gradle/caches/modules-2/files-2.1/com.google.code.gson/gson/2.8.9/8a432c1d6825781e21a02db2e2c33c5fde2833b9/gson-2.8.9.jar:/home/Lewis/.gradle/caches/modules-2/files-2.1/com.mojang/authlib/3.11.49/2e3055ec2a017c7f94b79744b4a68b65695a118c/authlib-3.11.49.jar:/home/Lewis/.gradle/caches/modules-2/files-2.1/org.apache.commons/commons-compress/1.21/4ec95b60d4e86b5c95a0e919cb172a0af98011ef/commons-compress-1.21.jar:/home/Lewis/.gradle/caches/modules-2/files-2.1/org.apache.httpcomponents/httpclient/4.5.13/e5f6cae5ca7ecaac1ec2827a9e2d65ae2869cada/httpclient-4.5.13.jar:/home/Lewis/.gradle/caches/modules-2/files-2.1/commons-logging/commons-logging/1.2/4bfc12adfe4842bf07b657f0369c4cb522955686/commons-logging-1.2.jar:/home/Lewis/.gradle/caches/modules-2/files-2.1/org.apache.httpcomponents/httpcore/4.4.14/9dd1a631c082d92ecd4bd8fd4cf55026c720a8c1/httpcore-4.4.14.jar:/home/Lewis/.gradle/caches/modules-2/files-2.1/it.unimi.dsi/fastutil/8.5.6/76f95700418a68fbc4ac050525261f05dc681ca1/fastutil-8.5.6.jar:/home/Lewis/.gradle/caches/modules-2/files-2.1/org.apache.logging.log4j/log4j-api/2.17.0/bbd791e9c8c9421e45337c4fe0a10851c086e36c/log4j-api-2.17.0.jar:/home/Lewis/.gradle/caches/modules-2/files-2.1/org.apache.logging.log4j/log4j-core/2.17.0/fe6e7a32c1228884b9691a744f953a55d0dd8ead/log4j-core-2.17.0.jar:/home/Lewis/.gradle/caches/modules-2/files-2.1/org.lwjgl/lwjgl/3.3.2/4421d94af68e35dcaa31737a6fc59136a1e61b94/lwjgl-3.3.2.jar:/home/Lewis/.gradle/caches/modules-2/files-2.1/org.lwjgl/lwjgl/3.3.2/767684973f259d97e7dc66a125eb153986f177e7/lwjgl-3.3.2-natives-linux.jar:/home/Lewis/.gradle/caches/modules-2/files-2.1/org.lwjgl/lwjgl-jemalloc/3.3.2/877e17e39ebcd58a9c956dc3b5b777813de0873a/lwjgl-jemalloc-3.3.2.jar:/home/Lewis/.gradle/caches/modules-2/files-2.1/org.lwjgl/lwjgl-jemalloc/3.3.2/2bc33176cdfabf34a63df154b80914e8f433316b/lwjgl-jemalloc-3.3.2-natives-linux.jar:/home/Lewis/.gradle/caches/modules-2/files-2.1/org.lwjgl/lwjgl-openal/3.3.2/ae5357ed6d934546d3533993ea84c0cfb75eed95/lwjgl-openal-3.3.2.jar:/home/Lewis/.gradle/caches/modules-2/files-2.1/org.lwjgl/lwjgl-openal/3.3.2/650981780b8bbfb3ce43657b22ec8e77bfb1f37a/lwjgl-openal-3.3.2-natives-linux.jar:/home/Lewis/.gradle/caches/modules-2/files-2.1/org.lwjgl/lwjgl-opengl/3.3.2/ee8e95be0b438602038bc1f02dc5e3d011b1b216/lwjgl-opengl-3.3.2.jar:/home/Lewis/.gradle/caches/modules-2/files-2.1/org.lwjgl/lwjgl-opengl/3.3.2/b8368430ef0d91a5acbc6fbfa47b20c3ec083aec/lwjgl-opengl-3.3.2-natives-linux.jar:/home/Lewis/.gradle/caches/modules-2/files-2.1/org.lwjgl/lwjgl-glfw/3.3.2/757920418805fb90bfebb3d46b1d9e7669fca2eb/lwjgl-glfw-3.3.2.jar:/home/Lewis/.gradle/caches/modules-2/files-2.1/org.lwjgl/lwjgl-glfw/3.3.2/766bb0e8e829598b1c8052fd8173c62af741c52/lwjgl-glfw-3.3.2-natives-linux.jar:/home/Lewis/.gradle/caches/modules-2/files-2.1/org.lwjgl/lwjgl-stb/3.3.2/a2550795014d622b686e9caac50b14baa87d2c70/lwjgl-stb-3.3.2.jar:/home/Lewis/.gradle/caches/modules-2/files-2.1/org.lwjgl/lwjgl-stb/3.3.2/5c987f43b342d722b54970159040af76f1c87403/lwjgl-stb-3.3.2-natives-linux.jar:/home/Lewis/.gradle/caches/modules-2/files-2.1/org.lwjgl/lwjgl-tinyfd/3.3.2/9f65c248dd77934105274fcf8351abb75b34327c/lwjgl-tinyfd-3.3.2.jar:/home/Lewis/.gradle/caches/modules-2/files-2.1/org.lwjgl/lwjgl-tinyfd/3.3.2/5d27fc67172b3fcd8400d61a7cfb75da881f609/lwjgl-tinyfd-3.3.2-natives-linux.jar:/home/Lewis/.gradle/caches/modules-2/files-2.1/com.mojang/text2speech/1.16.7/ee4095669061d1fe4bce5fea23d69d1520bc2d58/text2speech-1.16.7.jar:/home/Lewis/VoidMod/.gradle/loom-cache/minecraftMaven/net/minecraft/minecraft-merged-eda1ae5534/1.19.2-net.fabricmc.yarn.1_19_2.1.19.2+build.28-v2/minecraft-merged-eda1ae5534-1.19.2-net.fabricmc.yarn.1_19_2.1.19.2+build.28-v2.jar:/home/Lewis/.gradle/caches/modules-2/files-2.1/net.fabricmc/fabric-loader/0.18.4/dc4682125d5db647d6ce80a98b98945835adcd4b/fabric-loader-0.18.4.jar:/home/Lewis/VoidMod/.gradle/loom-cache/remapped_mods/remapped/net/fabricmc/fabric-api/fabric-api-343d3468/0.77.0+1.19.2/fabric-api-343d3468-0.77.0+1.19.2.jar:/home/Lewis/VoidMod/.gradle/loom-cache/remapped_mods/remapped/net/fabricmc/fabric-api/fabric-transfer-api-v1-343d3468/2.1.6+413cbbc790/fabric-transfer-api-v1-343d3468-2.1.6+413cbbc790.jar:/home/Lewis/VoidMod/.gradle/loom-cache/remapped_mods/remapped/net/fabricmc/fabric-api/fabric-api-lookup-api-v1-343d3468/1.6.14+93d8cb8290/fabric-api-lookup-api-v1-343d3468-1.6.14+93d8cb8290.jar:/home/Lewis/VoidMod/.gradle/loom-cache/remapped_mods/remapped/net/fabricmc/fabric-api/fabric-blockrenderlayer-v1-343d3468/1.1.25+cafc6e8e90/fabric-blockrenderlayer-v1-343d3468-1.1.25+cafc6e8e90.jar:/home/Lewis/VoidMod/.gradle/loom-cache/remapped_mods/remapped/net/fabricmc/fabric-api/fabric-client-tags-api-v1-343d3468/1.0.5+b35fea8390/fabric-client-tags-api-v1-343d3468-1.0.5+b35fea8390.jar:/home/Lewis/VoidMod/.gradle/loom-cache/remapped_mods/remapped/net/fabricmc/fabric-api/fabric-command-api-v2-343d3468/2.2.1+413cbbc790/fabric-command-api-v2-343d3468-2.2.1+413cbbc790.jar:/home/Lewis/VoidMod/.gradle/loom-cache/remapped_mods/remapped/net/fabricmc/fabric-api/fabric-content-registries-v0-343d3468/3.5.2+7c6cd14d90/fabric-content-registries-v0-343d3468-3.5.2+7c6cd14d90.jar:/home/Lewis/VoidMod/.gradle/loom-cache/remapped_mods/remapped/net/fabricmc/fabric-api/fabric-convention-tags-v1-343d3468/1.3.0+4bc6e26290/fabric-convention-tags-v1-343d3468-1.3.0+4bc6e26290.jar:/home/Lewis/VoidMod/.gradle/loom-cache/remapped_mods/remapped/net/fabricmc/fabric-api/fabric-data-generation-api-v1-343d3468/5.3.9+413cbbc790/fabric-data-generation-api-v1-343d3468-5.3.9+413cbbc790.jar:/home/Lewis/VoidMod/.gradle/loom-cache/remapped_mods/remapped/net/fabricmc/fabric-api/fabric-dimensions-v1-343d3468/2.1.35+0d0f210290/fabric-dimensions-v1-343d3468-2.1.35+0d0f210290.jar:/home/Lewis/VoidMod/.gradle/loom-cache/remapped_mods/remapped/net/fabricmc/fabric-api/fabric-entity-events-v1-343d3468/1.5.4+9244241690/fabric-entity-events-v1-343d3468-1.5.4+9244241690.jar:/home/Lewis/VoidMod/.gradle/loom-cache/remapped_mods/remapped/net/fabricmc/fabric-api/fabric-events-interaction-v0-343d3468/0.4.34+562bff6e90/fabric-events-interaction-v0-343d3468-0.4.34+562bff6e90.jar:/home/Lewis/VoidMod/.gradle/loom-cache/remapped_mods/remapped/net/fabricmc/fabric-api/fabric-gametest-api-v1-343d3468/1.1.8+4d0d570390/fabric-gametest-api-v1-343d3468-1.1.8+4d0d570390.jar:/home/Lewis/VoidMod/.gradle/loom-cache/remapped_mods/remapped/net/fabricmc/fabric-api/fabric-item-api-v1-343d3468/1.6.6+b7d1888890/fabric-item-api-v1-343d3468-1.6.6+b7d1888890.jar:/home/Lewis/VoidMod/.gradle/loom-cache/remapped_mods/remapped/net/fabricmc/fabric-api/fabric-item-groups-v0-343d3468/0.3.39+9244241690/fabric-item-groups-v0-343d3468-0.3.39+9244241690.jar:/home/Lewis/VoidMod/.gradle/loom-cache/remapped_mods/remapped/net/fabricmc/fabric-api/fabric-mining-level-api-v1-343d3468/2.1.24+33fbc73890/fabric-mining-level-api-v1-343d3468-2.1.24+33fbc73890.jar:/home/Lewis/VoidMod/.gradle/loom-cache/remapped_mods/remapped/net/fabricmc/fabric-api/fabric-lifecycle-events-v1-343d3468/2.2.4+1b46dc7890/fabric-lifecycle-events-v1-343d3468-2.2.4+1b46dc7890.jar:/home/Lewis/VoidMod/.gradle/loom-cache/remapped_mods/remapped/net/fabricmc/fabric-api/fabric-loot-api-v2-343d3468/1.1.13+83a8659290/fabric-loot-api-v2-343d3468-1.1.13+83a8659290.jar:/home/Lewis/VoidMod/.gradle/loom-cache/remapped_mods/remapped/net/fabricmc/fabric-api/fabric-message-api-v1-343d3468/5.0.7+93d8cb8290/fabric-message-api-v1-343d3468-5.0.7+93d8cb8290.jar:/home/Lewis/VoidMod/.gradle/loom-cache/remapped_mods/remapped/net/fabricmc/fabric-api/fabric-models-v0-343d3468/0.3.21+c6af733c90/fabric-models-v0-343d3468-0.3.21+c6af733c90.jar:/home/Lewis/VoidMod/.gradle/loom-cache/remapped_mods/remapped/net/fabricmc/fabric-api/fabric-recipe-api-v1-343d3468/1.0.2+413cbbc790/fabric-recipe-api-v1-343d3468-1.0.2+413cbbc790.jar:/home/Lewis/VoidMod/.gradle/loom-cache/remapped_mods/remapped/net/fabricmc/fabric-api/fabric-registry-sync-v0-343d3468/0.9.33+9244241690/fabric-registry-sync-v0-343d3468-0.9.33+9244241690.jar:/home/Lewis/VoidMod/.gradle/loom-cache/remapped_mods/remapped/net/fabricmc/fabric-api/fabric-screen-handler-api-v1-343d3468/1.3.8+1cc24b1b90/fabric-screen-handler-api-v1-343d3468-1.3.8+1cc24b1b90.jar:/home/Lewis/VoidMod/.gradle/loom-cache/remapped_mods/remapped/net/fabricmc/fabric-api/fabric-networking-api-v1-343d3468/1.2.12+def3f86d90/fabric-networking-api-v1-343d3468-1.2.12+def3f86d90.jar:/home/Lewis/VoidMod/.gradle/loom-cache/remapped_mods/remapped/net/fabricmc/fabric-api/fabric-object-builder-api-v1-343d3468/4.2.2+d8ef690890/fabric-object-builder-api-v1-343d3468-4.2.2+d8ef690890.jar:/home/Lewis/VoidMod/.gradle/loom-cache/remapped_mods/remapped/net/fabricmc/fabric-api/fabric-particles-v1-343d3468/1.1.0+ee641e7390/fabric-particles-v1-343d3468-1.1.0+ee641e7390.jar:/home/Lewis/VoidMod/.gradle/loom-cache/remapped_mods/remapped/net/fabricmc/fabric-api/fabric-renderer-indigo-343d3468/0.8.0+1adbf27790/fabric-renderer-indigo-343d3468-0.8.0+1adbf27790.jar:/home/Lewis/VoidMod/.gradle/loom-cache/remapped_mods/remapped/net/fabricmc/fabric-api/fabric-renderer-api-v1-343d3468/1.2.1+1adbf27790/fabric-renderer-api-v1-343d3468-1.2.1+1adbf27790.jar:/home/Lewis/VoidMod/.gradle/loom-cache/remapped_mods/remapped/net/fabricmc/fabric-api/fabric-rendering-data-attachment-v1-343d3468/0.3.19+6e0787e690/fabric-rendering-data-attachment-v1-343d3468-0.3.19+6e0787e690.jar:/home/Lewis/VoidMod/.gradle/loom-cache/remapped_mods/remapped/net/fabricmc/fabric-api/fabric-rendering-fluids-v1-343d3468/3.0.11+4d0d570390/fabric-rendering-fluids-v1-343d3468-3.0.11+4d0d570390.jar:/home/Lewis/VoidMod/.gradle/loom-cache/remapped_mods/remapped/net/fabricmc/fabric-api/fabric-rendering-v1-343d3468/1.13.0+526f2c6790/fabric-rendering-v1-343d3468-1.13.0+526f2c6790.jar:/home/Lewis/VoidMod/.gradle/loom-cache/remapped_mods/remapped/net/fabricmc/fabric-api/fabric-screen-api-v1-343d3468/1.0.32+4d0d570390/fabric-screen-api-v1-343d3468-1.0.32+4d0d570390.jar:/home/Lewis/VoidMod/.gradle/loom-cache/remapped_mods/remapped/net/fabricmc/fabric-api/fabric-textures-v0-343d3468/1.0.24+aeb40ebe90/fabric-textures-v0-343d3468-1.0.24+aeb40ebe90.jar:/home/Lewis/VoidMod/.gradle/loom-cache/remapped_mods/remapped/net/fabricmc/fabric-api/fabric-api-base-343d3468/0.4.15+8f4e8eb390/fabric-api-base-343d3468-0.4.15+8f4e8eb390.jar:/home/Lewis/VoidMod/.gradle/loom-cache/remapped_mods/remapped/net/fabricmc/fabric-api/fabric-biome-api-v1-343d3468/9.1.1+16f1e31390/fabric-biome-api-v1-343d3468-9.1.1+16f1e31390.jar:/home/Lewis/VoidMod/.gradle/loom-cache/remapped_mods/remapped/net/fabricmc/fabric-api/fabric-block-api-v1-343d3468/1.0.2+e415d50e90/fabric-block-api-v1-343d3468-1.0.2+e415d50e90.jar:/home/Lewis/VoidMod/.gradle/loom-cache/remapped_mods/remapped/net/fabricmc/fabric-api/fabric-crash-report-info-v1-343d3468/0.2.8+aeb40ebe90/fabric-crash-report-info-v1-343d3468-0.2.8+aeb40ebe90.jar:/home/Lewis/VoidMod/.gradle/loom-cache/remapped_mods/remapped/net/fabricmc/fabric-api/fabric-game-rule-api-v1-343d3468/1.0.24+b6b6abb490/fabric-game-rule-api-v1-343d3468-1.0.24+b6b6abb490.jar:/home/Lewis/VoidMod/.gradle/loom-cache/remapped_mods/remapped/net/fabricmc/fabric-api/fabric-key-binding-api-v1-343d3468/1.0.25+5c4fce2890/fabric-key-binding-api-v1-343d3468-1.0.25+5c4fce2890.jar:/home/Lewis/VoidMod/.gradle/loom-cache/remapped_mods/remapped/net/fabricmc/fabric-api/fabric-resource-conditions-api-v1-343d3468/2.1.2+aae9039d90/fabric-resource-conditions-api-v1-343d3468-2.1.2+aae9039d90.jar:/home/Lewis/VoidMod/.gradle/loom-cache/remapped_mods/remapped/net/fabricmc/fabric-api/fabric-resource-loader-v0-343d3468/0.8.4+edbdcddb90/fabric-resource-loader-v0-343d3468-0.8.4+edbdcddb90.jar:/home/Lewis/VoidMod/.gradle/loom-cache/remapped_mods/remapped/net/fabricmc/fabric-api/fabric-sound-api-v1-343d3468/1.0.2+c4f28df590/fabric-sound-api-v1-343d3468-1.0.2+c4f28df590.jar:/home/Lewis/VoidMod/.gradle/loom-cache/remapped_mods/remapped/net/fabricmc/fabric-api/fabric-transitive-access-wideners-v1-343d3468/1.3.3+08b73de490/fabric-transitive-access-wideners-v1-343d3468-1.3.3+08b73de490.jar)
		at com.sun.jna.Native.extractFromResourcePath(Native.java:1145) ~[jna-5.10.0.jar:?]
		at com.sun.jna.NativeLibrary.loadLibrary(NativeLibrary.java:275) ~[jna-5.10.0.jar:?]
		at com.sun.jna.NativeLibrary.getInstance(NativeLibrary.java:461) ~[jna-5.10.0.jar:?]
		at com.sun.jna.NativeLibrary.getInstance(NativeLibrary.java:403) ~[jna-5.10.0.jar:?]
		at com.mojang.text2speech.NarratorLinux$FliteLibrary.loadNative(NarratorLinux.java:67) ~[text2speech-1.16.7.jar:?]
		at com.mojang.text2speech.NarratorLinux.<init>(NarratorLinux.java:18) ~[text2speech-1.16.7.jar:?]
		at com.mojang.text2speech.Narrator.getNarrator(Narrator.java:41) [text2speech-1.16.7.jar:?]
		at net.minecraft.client.util.NarratorManager.<init>(NarratorManager.java) [minecraft-merged-eda1ae5534-1.19.2-net.fabricmc.yarn.1_19_2.1.19.2+build.28-v2.jar:?]
		at net.minecraft.client.MinecraftClient.<init>(MinecraftClient.java:656) [minecraft-merged-eda1ae5534-1.19.2-net.fabricmc.yarn.1_19_2.1.19.2+build.28-v2.jar:?]
		at net.minecraft.client.main.Main.main(Main.java:184) [minecraft-merged-eda1ae5534-1.19.2-net.fabricmc.yarn.1_19_2.1.19.2+build.28-v2.jar:?]
		at net.minecraft.client.main.Main.main(Main.java:52) [minecraft-merged-eda1ae5534-1.19.2-net.fabricmc.yarn.1_19_2.1.19.2+build.28-v2.jar:?]
		at net.fabricmc.loader.impl.game.minecraft.MinecraftGameProvider.launch(MinecraftGameProvider.java:514) [fabric-loader-0.18.4.jar:?]
		at net.fabricmc.loader.impl.launch.knot.Knot.launch(Knot.java:72) [fabric-loader-0.18.4.jar:?]
		at net.fabricmc.loader.impl.launch.knot.KnotClient.main(KnotClient.java:23) [fabric-loader-0.18.4.jar:?]
		at net.fabricmc.devlaunchinjector.Main.main(Main.java:86) [dev-launch-injector-0.2.1+build.8.jar:?]
[23:05:36] [Render thread/INFO] (Minecraft) Reloading ResourceManager: Default, Fabric Mods (Fabric Dimensions API (v1), Fabric Command API (v2), Fabric Biome API (v1), Fabric Resource Loader (v0), Fabric Entity Events (v1), Fabric Message API (v1), Fabric Particles (v1), Fabric Screen API (v1), Fabric API Base, Fabric Registry Sync (v0), Fabric Rendering Data Attachment (v1), Fabric Renderer API (v1), Fabric Models (v0), Fabric Transfer API (v1), Fabric Textures (v0), Fabric Recipe API (v1), Fabric Data Generation API (v1), Void Mod, Fabric API Lookup API (v1), Fabric BlockRenderLayer Registration (v1), Fabric API, Fabric Client Tags, Fabric Loot API (v2), Fabric Crash Report Info (v1), Fabric Convention Tags, Fabric Content Registries (v0), Fabric Networking API (v1), Fabric Item API (v1), Fabric Item Groups (v0), Fabric Mining Level API (v1), Fabric Game Test API (v1), Fabric Renderer - Indigo, Fabric Block API (v1), Fabric Events Interaction (v0), Fabric Loader, Fabric Resource Conditions API (v1), Fabric Rendering (v1), Fabric Sound API (v1), Fabric Transitive Access Wideners (v1), Fabric Screen Handler API (v1), Fabric Lifecycle Events (v1), Fabric Game Rule API (v1), Fabric Rendering Fluids (v1), Fabric Key Binding API (v1), Fabric Object Builder API (v1))
[23:05:37] [Realms Notification Availability checker #1/INFO] (Minecraft) Could not authorize you against Realms server: java.lang.RuntimeException: Failed to parse into SignedJWT: FabricMC
[23:05:37] [Worker-Main-21/WARN] (Minecraft) Unable to load model: 'voidmod:void_sword#inventory' referenced from: voidmod:void_sword#inventory: java.io.FileNotFoundException: voidmod:models/item/void_sword.json
[23:05:38] [Render thread/WARN] (Minecraft) Missing sound for event: minecraft:item.goat_horn.play
[23:05:38] [Render thread/WARN] (Minecraft) Missing sound for event: minecraft:entity.goat.screaming.horn_break
[23:05:38] [Render thread/INFO] (Minecraft) OpenAL initialized on device Logitech G PRO X Gaming Headset Analog Stereo
[23:05:38] [Render thread/INFO] (Minecraft) Sound engine started
[23:05:39] [Render thread/INFO] (Minecraft) Created: 1024x1024x4 minecraft:textures/atlas/blocks.png-atlas
[23:05:39] [Render thread/INFO] (Minecraft) Created: 256x128x4 minecraft:textures/atlas/signs.png-atlas
[23:05:39] [Render thread/INFO] (Minecraft) Created: 1024x512x4 minecraft:textures/atlas/banner_patterns.png-atlas
[23:05:39] [Render thread/INFO] (Minecraft) Created: 1024x512x4 minecraft:textures/atlas/shield_patterns.png-atlas
[23:05:39] [Render thread/INFO] (Minecraft) Created: 256x256x4 minecraft:textures/atlas/chest.png-atlas
[23:05:39] [Render thread/INFO] (Minecraft) Created: 512x256x4 minecraft:textures/atlas/beds.png-atlas
[23:05:39] [Render thread/INFO] (Minecraft) Created: 512x256x4 minecraft:textures/atlas/shulker_boxes.png-atlas
[23:05:40] [Render thread/WARN] (Minecraft) Shader rendertype_entity_translucent_emissive could not find sampler named Sampler2 in the specified shader program.
[23:05:40] [Render thread/INFO] (Minecraft) Created: 512x256x0 minecraft:textures/atlas/particles.png-atlas
[23:05:40] [Render thread/INFO] (Minecraft) Created: 256x256x0 minecraft:textures/atlas/paintings.png-atlas
[23:05:40] [Render thread/INFO] (Minecraft) Created: 256x128x0 minecraft:textures/atlas/mob_effects.png-atlas
[23:05:44] [Render thread/WARN] (ModNioResourcePack) Fabric NioResourcePack: ignored invalid namespace: VoidMod in mod ID void-mod
[23:05:46] [Render thread/INFO] (Minecraft) Loaded 7 recipes
[23:05:47] [Render thread/INFO] (Minecraft) Loaded 1179 advancements
[23:05:48] [Worker-Main-18/ERROR] (Minecraft) Failed to retrieve profile key pair
java.io.IOException: Could not retrieve profile key pair
	at net.minecraft.client.util.ProfileKeys.fetchKeyPair(ProfileKeys.java:172) ~[minecraft-merged-eda1ae5534-1.19.2-net.fabricmc.yarn.1_19_2.1.19.2+build.28-v2.jar:?]
	at net.minecraft.client.util.ProfileKeys.method_44291(ProfileKeys.java:78) ~[minecraft-merged-eda1ae5534-1.19.2-net.fabricmc.yarn.1_19_2.1.19.2+build.28-v2.jar:?]
	at java.util.concurrent.CompletableFuture$AsyncSupply.run(CompletableFuture.java:1768) [?:?]
	at java.util.concurrent.CompletableFuture$AsyncSupply.exec(CompletableFuture.java:1760) [?:?]
	at java.util.concurrent.ForkJoinTask.doExec(ForkJoinTask.java:387) [?:?]
	at java.util.concurrent.ForkJoinPool$WorkQueue.topLevelExec(ForkJoinPool.java:1312) [?:?]
	at java.util.concurrent.ForkJoinPool.scan(ForkJoinPool.java:1843) [?:?]
	at java.util.concurrent.ForkJoinPool.runWorker(ForkJoinPool.java:1808) [?:?]
	at java.util.concurrent.ForkJoinWorkerThread.run(ForkJoinWorkerThread.java:188) [?:?]
[23:05:48] [Render thread/INFO] (BiomeModificationImpl) Applied 0 biome modifications to 0 of 63 new biomes in 1.490 ms
[23:05:48] [Server thread/INFO] (Minecraft) Starting integrated minecraft server version 1.19.2
[23:05:48] [Server thread/INFO] (Minecraft) Generating keypair
[23:05:49] [Server thread/INFO] (Minecraft) Preparing start region for dimension minecraft:overworld
[23:05:54] [Render thread/INFO] (Minecraft) Preparing spawn area: 0%
[23:05:54] [Render thread/INFO] (Minecraft) Preparing spawn area: 0%
[23:05:54] [Render thread/INFO] (Minecraft) Preparing spawn area: 0%
[23:05:54] [Render thread/INFO] (Minecraft) Preparing spawn area: 0%
[23:05:54] [Render thread/INFO] (Minecraft) Preparing spawn area: 0%
[23:05:54] [Render thread/INFO] (Minecraft) Preparing spawn area: 0%
[23:05:54] [Render thread/INFO] (Minecraft) Preparing spawn area: 0%
[23:05:54] [Render thread/INFO] (Minecraft) Preparing spawn area: 0%
[23:05:54] [Render thread/INFO] (Minecraft) Preparing spawn area: 0%
[23:05:54] [Render thread/INFO] (Minecraft) Preparing spawn area: 0%
[23:05:54] [Render thread/INFO] (Minecraft) Preparing spawn area: 2%
[23:05:55] [Render thread/INFO] (Minecraft) Preparing spawn area: 66%
[23:05:55] [Render thread/INFO] (Minecraft) Time elapsed: 5861 ms
[23:05:55] [Server thread/INFO] (Minecraft) Changing view distance to 12, from 10
[23:05:55] [Server thread/INFO] (Minecraft) Changing simulation distance to 12, from 0
[23:05:55] [Worker-Bootstrap-1/INFO] (Minecraft) 4283 Datafixer optimizations took 26020 milliseconds
[23:05:55] [Server thread/INFO] (Minecraft) Player88[local:E:db7c8687] logged in with entity id 193 at (-7.043071750802148, 80.0, 18.370487394749336)
[23:05:55] [Server thread/INFO] (Minecraft) Player88 joined the game
[23:05:56] [Render thread/INFO] (Minecraft) Loaded 0 advancements
[23:06:14] [Render thread/INFO] (Minecraft) [System] [CHAT] [Debug]: Advanced tooltips: shown
[23:06:21] [Server thread/INFO] (Minecraft) Saving and pausing game...
[23:06:21] [Server thread/INFO] (Minecraft) Saving chunks for level 'ServerLevel[New World]'/minecraft:overworld
[23:06:21] [Server thread/INFO] (Minecraft) Saving chunks for level 'ServerLevel[New World]'/minecraft:the_end
[23:06:21] [Server thread/INFO] (Minecraft) Saving chunks for level 'ServerLevel[New World]'/minecraft:the_nether
[23:06:22] [Server thread/INFO] (Minecraft) Player88 lost connection: Disconnected
[23:06:22] [Server thread/INFO] (Minecraft) Player88 left the game
[23:06:22] [Server thread/INFO] (Minecraft) Stopping singleplayer server as player logged out
[23:06:22] [Server thread/INFO] (Minecraft) Stopping server
[23:06:22] [Server thread/INFO] (Minecraft) Saving players
[23:06:22] [Server thread/INFO] (Minecraft) Saving worlds
[23:06:22] [Server thread/INFO] (Minecraft) Saving chunks for level 'ServerLevel[New World]'/minecraft:overworld
[23:06:22] [Server thread/INFO] (Minecraft) Saving chunks for level 'ServerLevel[New World]'/minecraft:the_end
[23:06:22] [Server thread/INFO] (Minecraft) Saving chunks for level 'ServerLevel[New World]'/minecraft:the_nether
[23:06:22] [Server thread/INFO] (Minecraft) ThreadedAnvilChunkStorage (New World): All chunks are saved
[23:06:22] [Server thread/INFO] (Minecraft) ThreadedAnvilChunkStorage (DIM1): All chunks are saved
[23:06:22] [Server thread/INFO] (Minecraft) ThreadedAnvilChunkStorage (DIM-1): All chunks are saved
[23:06:22] [Server thread/INFO] (Minecraft) ThreadedAnvilChunkStorage: All dimensions are saved
[23:06:23] [Render thread/INFO] (Minecraft) Stopping!
